mode: set
altastore/api/controllers/categories.go:15.84,19.2 1 0
altastore/api/controllers/categories.go:21.86,23.16 2 0
altastore/api/controllers/categories.go:31.2,36.4 1 0
altastore/api/controllers/categories.go:23.16,29.3 1 0
altastore/api/controllers/categories.go:39.83,42.16 2 0
altastore/api/controllers/categories.go:50.2,51.16 2 0
altastore/api/controllers/categories.go:59.2,64.4 1 0
altastore/api/controllers/categories.go:42.16,48.3 1 0
altastore/api/controllers/categories.go:51.16,57.3 1 0
altastore/api/controllers/categories.go:67.83,69.49 2 0
altastore/api/controllers/categories.go:77.2,82.16 3 0
altastore/api/controllers/categories.go:90.2,94.4 1 0
altastore/api/controllers/categories.go:69.49,75.3 1 0
altastore/api/controllers/categories.go:82.16,88.3 1 0
altastore/api/controllers/categories.go:97.84,100.16 2 0
altastore/api/controllers/categories.go:108.2,109.49 2 0
altastore/api/controllers/categories.go:117.2,121.71 2 0
altastore/api/controllers/categories.go:129.2,133.4 1 0
altastore/api/controllers/categories.go:100.16,106.3 1 0
altastore/api/controllers/categories.go:109.49,115.3 1 0
altastore/api/controllers/categories.go:121.71,127.3 1 0
altastore/api/controllers/categories.go:136.86,139.16 2 0
altastore/api/controllers/categories.go:147.2,147.63 1 0
altastore/api/controllers/categories.go:155.2,159.4 1 0
altastore/api/controllers/categories.go:139.16,145.3 1 0
altastore/api/controllers/categories.go:147.63,153.3 1 0
altastore/api/controllers/customers.go:14.84,18.2 1 1
altastore/api/controllers/customers.go:20.88,22.49 2 0
altastore/api/controllers/customers.go:30.2,38.16 3 0
altastore/api/controllers/customers.go:46.2,50.4 1 0
altastore/api/controllers/customers.go:22.49,28.3 1 0
altastore/api/controllers/customers.go:38.16,44.3 1 0
altastore/api/controllers/customers.go:53.85,56.49 2 1
altastore/api/controllers/customers.go:64.2,65.16 2 1
altastore/api/controllers/customers.go:73.2,78.4 1 1
altastore/api/controllers/customers.go:56.49,62.3 1 0
altastore/api/controllers/customers.go:65.16,71.3 1 0
altastore/api/controllers/customers.go:81.86,83.16 2 0
altastore/api/controllers/customers.go:91.2,96.4 1 0
altastore/api/controllers/customers.go:83.16,89.3 1 0
altastore/api/controllers/products.go:15.80,19.2 1 1
altastore/api/controllers/products.go:21.84,23.16 2 1
altastore/api/controllers/products.go:31.2,36.4 1 1
altastore/api/controllers/products.go:23.16,29.3 1 0
altastore/api/controllers/products.go:39.81,41.16 2 1
altastore/api/controllers/products.go:49.2,50.16 2 1
altastore/api/controllers/products.go:58.2,63.4 1 1
altastore/api/controllers/products.go:41.16,47.3 1 0
altastore/api/controllers/products.go:50.16,56.3 1 0
altastore/api/controllers/products.go:66.82,69.48 2 1
altastore/api/controllers/products.go:77.2,83.16 3 1
altastore/api/controllers/products.go:91.2,95.4 1 1
altastore/api/controllers/products.go:69.48,75.3 1 0
altastore/api/controllers/products.go:83.16,89.3 1 0
altastore/api/controllers/products.go:98.84,100.16 2 1
altastore/api/controllers/products.go:109.2,110.48 2 1
altastore/api/controllers/products.go:118.2,124.69 2 1
altastore/api/controllers/products.go:132.2,136.4 1 1
altastore/api/controllers/products.go:100.16,106.3 1 0
altastore/api/controllers/products.go:110.48,116.3 1 0
altastore/api/controllers/products.go:124.69,130.3 1 0
altastore/api/controllers/products.go:139.84,141.16 2 1
altastore/api/controllers/products.go:149.2,149.62 1 1
altastore/api/controllers/products.go:157.2,161.4 1 1
altastore/api/controllers/products.go:141.16,147.3 1 0
altastore/api/controllers/products.go:149.62,155.3 1 0
